<?xml version="1.0" encoding="UTF-8"?>
<testng-results ignored="0" total="3" passed="3" failed="0" skipped="0">
  <reporter-output>
  </reporter-output>
  <suite started-at="2022-10-23T20:13:29 IST" name="Suite" finished-at="2022-10-23T20:14:39 IST" duration-ms="69724">
    <groups>
    </groups>
    <test started-at="2022-10-23T20:13:29 IST" name="Test" finished-at="2022-10-23T20:14:39 IST" duration-ms="69724">
      <class name="scripts.Testcase3">
        <test-method is-config="true" signature="openApp()[pri:0, instance:scripts.Testcase3@37654521]" started-at="2022-10-23T20:13:29 IST" name="openApp" finished-at="2022-10-23T20:13:33 IST" duration-ms="4041" status="PASS">
          <reporter-output>
          </reporter-output>
        </test-method> <!-- openApp -->
        <test-method signature="tc3()[pri:0, instance:scripts.Testcase3@37654521]" started-at="2022-10-23T20:13:33 IST" name="tc3" finished-at="2022-10-23T20:13:49 IST" duration-ms="16129" status="PASS">
          <reporter-output>
          </reporter-output>
        </test-method> <!-- tc3 -->
        <test-method is-config="true" signature="closeApp()[pri:0, instance:scripts.Testcase3@37654521]" started-at="2022-10-23T20:13:49 IST" name="closeApp" finished-at="2022-10-23T20:13:50 IST" duration-ms="505" status="PASS">
          <reporter-output>
          </reporter-output>
        </test-method> <!-- closeApp -->
      </class> <!-- scripts.Testcase3 -->
      <class name="scripts.Testcase2">
        <test-method is-config="true" signature="openApp()[pri:0, instance:scripts.Testcase2@7205765b]" started-at="2022-10-23T20:13:50 IST" name="openApp" finished-at="2022-10-23T20:13:53 IST" duration-ms="3708" status="PASS">
          <reporter-output>
          </reporter-output>
        </test-method> <!-- openApp -->
        <test-method signature="tc2()[pri:0, instance:scripts.Testcase2@7205765b]" started-at="2022-10-23T20:13:53 IST" name="tc2" finished-at="2022-10-23T20:14:23 IST" duration-ms="29538" status="PASS">
          <reporter-output>
          </reporter-output>
        </test-method> <!-- tc2 -->
        <test-method is-config="true" signature="closeApp()[pri:0, instance:scripts.Testcase2@7205765b]" started-at="2022-10-23T20:14:23 IST" name="closeApp" finished-at="2022-10-23T20:14:23 IST" duration-ms="276" status="PASS">
          <reporter-output>
          </reporter-output>
        </test-method> <!-- closeApp -->
      </class> <!-- scripts.Testcase2 -->
      <class name="scripts.Testcase1">
        <test-method is-config="true" signature="openApp()[pri:0, instance:scripts.Testcase1@47987356]" started-at="2022-10-23T20:14:23 IST" name="openApp" finished-at="2022-10-23T20:14:27 IST" duration-ms="3671" status="PASS">
          <reporter-output>
          </reporter-output>
        </test-method> <!-- openApp -->
        <test-method signature="tc1()[pri:0, instance:scripts.Testcase1@47987356]" started-at="2022-10-23T20:14:27 IST" name="tc1" finished-at="2022-10-23T20:14:38 IST" duration-ms="11448" status="PASS">
          <reporter-output>
          </reporter-output>
        </test-method> <!-- tc1 -->
        <test-method is-config="true" signature="closeApp()[pri:0, instance:scripts.Testcase1@47987356]" started-at="2022-10-23T20:14:38 IST" name="closeApp" finished-at="2022-10-23T20:14:39 IST" duration-ms="361" status="PASS">
          <reporter-output>
          </reporter-output>
        </test-method> <!-- closeApp -->
      </class> <!-- scripts.Testcase1 -->
    </test> <!-- Test -->
  </suite> <!-- Suite -->
</testng-results>
